10:44:50 **** Build of configuration TaskCreationBuild for project Chapter_7 ****
make -j8 all 
arm-none-eabi-gcc -c -mcpu=cortex-m7 -g3 -c -Wa,-W -x assembler-with-cpp -MMD -MP -MF"startup/startup_stm32f767xx.d" -MT"startup/startup_stm32f767xx.o" --specs=nano.specs -mfpu=fpv5-d16 -mfloat-abi=hard -mthumb -o "startup/startup_stm32f767xx.o" "../startup/startup_stm32f767xx.s"
arm-none-eabi-gcc -c "../Src/main_taskCreation.c" -mcpu=cortex-m7 -std=gnu11 -g3 '-D__weak=__attribute__((weak))' '-D__packed=__attribute__((__packed__))' -DUSE_HAL_DRIVER -DSTM32F767xx -c -I../Inc -I../../BSP -I../../Drivers/CMSIS/Include -I../../Drivers/CMSIS/Device/ST/STM32F7xx/Include -I../../Drivers/STM32F7xx_HAL_Driver/Inc -I../../Drivers/STM32F7xx_HAL_Driver/Inc/Legacy -I../../Middleware/Third_Party/FreeRTOS/Source/include -I../../Middleware/Third_Party/SEGGER -I../../Middleware/Third_Party/FreeRTOS/Source/CMSIS_RTOS_V2 -I../../Middleware/Third_Party/FreeRTOS/Source/portable/GCC/ARM_CM7/r0p1 -Os -ffunction-sections -fdata-sections -Wall -fstack-usage -MMD -MP -MF"Src/main_taskCreation.d" -MT"Src/main_taskCreation.o" --specs=nano.specs -mfpu=fpv5-d16 -mfloat-abi=hard -mthumb -o "Src/main_taskCreation.o"
arm-none-eabi-gcc -c "../Src/stm32f7xx_hal_msp.c" -mcpu=cortex-m7 -std=gnu11 -g3 '-D__weak=__attribute__((weak))' '-D__packed=__attribute__((__packed__))' -DUSE_HAL_DRIVER -DSTM32F767xx -c -I../Inc -I../../BSP -I../../Drivers/CMSIS/Include -I../../Drivers/CMSIS/Device/ST/STM32F7xx/Include -I../../Drivers/STM32F7xx_HAL_Driver/Inc -I../../Drivers/STM32F7xx_HAL_Driver/Inc/Legacy -I../../Middleware/Third_Party/FreeRTOS/Source/include -I../../Middleware/Third_Party/SEGGER -I../../Middleware/Third_Party/FreeRTOS/Source/CMSIS_RTOS_V2 -I../../Middleware/Third_Party/FreeRTOS/Source/portable/GCC/ARM_CM7/r0p1 -Os -ffunction-sections -fdata-sections -Wall -fstack-usage -MMD -MP -MF"Src/stm32f7xx_hal_msp.d" -MT"Src/stm32f7xx_hal_msp.o" --specs=nano.specs -mfpu=fpv5-d16 -mfloat-abi=hard -mthumb -o "Src/stm32f7xx_hal_msp.o"
arm-none-eabi-gcc -c "../Src/stm32f7xx_it.c" -mcpu=cortex-m7 -std=gnu11 -g3 '-D__weak=__attribute__((weak))' '-D__packed=__attribute__((__packed__))' -DUSE_HAL_DRIVER -DSTM32F767xx -c -I../Inc -I../../BSP -I../../Drivers/CMSIS/Include -I../../Drivers/CMSIS/Device/ST/STM32F7xx/Include -I../../Drivers/STM32F7xx_HAL_Driver/Inc -I../../Drivers/STM32F7xx_HAL_Driver/Inc/Legacy -I../../Middleware/Third_Party/FreeRTOS/Source/include -I../../Middleware/Third_Party/SEGGER -I../../Middleware/Third_Party/FreeRTOS/Source/CMSIS_RTOS_V2 -I../../Middleware/Third_Party/FreeRTOS/Source/portable/GCC/ARM_CM7/r0p1 -Os -ffunction-sections -fdata-sections -Wall -fstack-usage -MMD -MP -MF"Src/stm32f7xx_it.d" -MT"Src/stm32f7xx_it.o" --specs=nano.specs -mfpu=fpv5-d16 -mfloat-abi=hard -mthumb -o "Src/stm32f7xx_it.o"
arm-none-eabi-gcc -c "../Src/syscalls.c" -mcpu=cortex-m7 -std=gnu11 -g3 '-D__weak=__attribute__((weak))' '-D__packed=__attribute__((__packed__))' -DUSE_HAL_DRIVER -DSTM32F767xx -c -I../Inc -I../../BSP -I../../Drivers/CMSIS/Include -I../../Drivers/CMSIS/Device/ST/STM32F7xx/Include -I../../Drivers/STM32F7xx_HAL_Driver/Inc -I../../Drivers/STM32F7xx_HAL_Driver/Inc/Legacy -I../../Middleware/Third_Party/FreeRTOS/Source/include -I../../Middleware/Third_Party/SEGGER -I../../Middleware/Third_Party/FreeRTOS/Source/CMSIS_RTOS_V2 -I../../Middleware/Third_Party/FreeRTOS/Source/portable/GCC/ARM_CM7/r0p1 -Os -ffunction-sections -fdata-sections -Wall -fstack-usage -MMD -MP -MF"Src/syscalls.d" -MT"Src/syscalls.o" --specs=nano.specs -mfpu=fpv5-d16 -mfloat-abi=hard -mthumb -o "Src/syscalls.o"
arm-none-eabi-gcc -c "../Src/system_stm32f7xx.c" -mcpu=cortex-m7 -std=gnu11 -g3 '-D__weak=__attribute__((weak))' '-D__packed=__attribute__((__packed__))' -DUSE_HAL_DRIVER -DSTM32F767xx -c -I../Inc -I../../BSP -I../../Drivers/CMSIS/Include -I../../Drivers/CMSIS/Device/ST/STM32F7xx/Include -I../../Drivers/STM32F7xx_HAL_Driver/Inc -I../../Drivers/STM32F7xx_HAL_Driver/Inc/Legacy -I../../Middleware/Third_Party/FreeRTOS/Source/include -I../../Middleware/Third_Party/SEGGER -I../../Middleware/Third_Party/FreeRTOS/Source/CMSIS_RTOS_V2 -I../../Middleware/Third_Party/FreeRTOS/Source/portable/GCC/ARM_CM7/r0p1 -Os -ffunction-sections -fdata-sections -Wall -fstack-usage -MMD -MP -MF"Src/system_stm32f7xx.d" -MT"Src/system_stm32f7xx.o" --specs=nano.specs -mfpu=fpv5-d16 -mfloat-abi=hard -mthumb -o "Src/system_stm32f7xx.o"
../Src/main_taskCreation.c:26:10: fatal error: FreeRTOS.h: No such file or directory
   26 | #include <FreeRTOS.h>
      |          ^~~~~~~~~~~~
compilation terminated.
In file included from ../Src/stm32f7xx_hal_msp.c:23:
../Inc/main.h:31:10: fatal error: stm32f7xx_hal.h: No such file or directory
   31 | #include <stm32f7xx_hal.h>
      |          ^~~~~~~~~~~~~~~~~
compilation terminated.
make[1]: *** [Src/subdir.mk:31: Src/main_taskCreation.o] Error 1
make[1]: *** Waiting for unfinished jobs....
In file included from ../Src/stm32f7xx_it.c:22:
../Inc/main.h:31:10: fatal error: stm32f7xx_hal.h: No such file or directory
   31 | #include <stm32f7xx_hal.h>
      |          ^~~~~~~~~~~~~~~~~
compilation terminated.
make[1]: *** [Src/subdir.mk:31: Src/stm32f7xx_hal_msp.o] Error 1
../Src/system_stm32f7xx.c:64:10: fatal error: stm32f7xx.h: No such file or directory
   64 | #include "stm32f7xx.h"
      |          ^~~~~~~~~~~~~
compilation terminated.
make[1]: *** [Src/subdir.mk:31: Src/stm32f7xx_it.o] Error 1
make[1]: *** [Src/subdir.mk:31: Src/system_stm32f7xx.o] Error 1
make: *** [makefile:57: all] Error 2
"make -j8 all" terminated with exit code 2. Build might be incomplete.

10:44:51 Build Failed. 10 errors, 0 warnings. (took 1s.12ms)

