00:44:50 **** Incremental Build of configuration Debug for project pushBttonTask_FromISR ****
make -j8 all 
arm-none-eabi-gcc "../Core/Src/main.c" -mcpu=cortex-m4 -std=gnu11 -g3 -DDEBUG -DUSE_HAL_DRIVER -DSTM32F429xx -c -I../Core/Inc -I../Drivers/STM32F4xx_HAL_Driver/Inc -I../Drivers/STM32F4xx_HAL_Driver/Inc/Legacy -I../Drivers/CMSIS/Device/ST/STM32F4xx/Include -I../Drivers/CMSIS/Include -I"C:/Users/mahon/stmWork/common/FreeRTOS/include" -I"C:/Users/mahon/stmWork/common/FreeRTOS/portable/GCC/ARM_CM4F" -I"C:/Users/mahon/stmWork/common/SEGGER/config" -I"C:/Users/mahon/stmWork/common/SEGGER/os" -I"C:/Users/mahon/stmWork/common/SEGGER/SEGGER" -O0 -ffunction-sections -fdata-sections -Wall -fstack-usage -MMD -MP -MF"Core/Src/main.d" -MT"Core/Src/main.o" --specs=nano.specs -mfpu=fpv4-sp-d16 -mfloat-abi=hard -mthumb -o "Core/Src/main.o"
../Core/Src/main.c: In function 'ledGreenHandler':
../Core/Src/main.c:479:3: warning: implicit declaration of function 'switch_priority' [-Wimplicit-function-declaration]
  479 |   switch_priority();
      |   ^~~~~~~~~~~~~~~
../Core/Src/main.c: At top level:
../Core/Src/main.c:503:6: warning: conflicting types for 'switch_priority'
  503 | void switch_priority(void)
      |      ^~~~~~~~~~~~~~~
../Core/Src/main.c:479:3: note: previous implicit declaration of 'switch_priority' was here
  479 |   switch_priority();
      |   ^~~~~~~~~~~~~~~
arm-none-eabi-gcc -o "pushBttonTask_FromISR.elf" @"objects.list"   -mcpu=cortex-m4 -T"C:\Users\mahon\stmWork\pushBttonTask_FromISR\STM32F429ZITX_FLASH.ld" --specs=nosys.specs -Wl,-Map="pushBttonTask_FromISR.map" -Wl,--gc-sections -static --specs=nano.specs -mfpu=fpv4-sp-d16 -mfloat-abi=hard -mthumb -Wl,--start-group -lc -lm -Wl,--end-group
c:\st\stm32cubeide_1.11.0\stm32cubeide\plugins\com.st.stm32cube.ide.mcu.externaltools.gnu-tools-for-stm32.10.3-2021.10.win32_1.0.100.202210260954\tools\arm-none-eabi\bin\ld.exe: ./Core/Src/main.o: in function `switch_priority':
C:/Users/mahon/stmWork/pushBttonTask_FromISR/Debug/../Core/Src/main.c:519: undefined reference to `xTaskGetHandle'
c:\st\stm32cubeide_1.11.0\stm32cubeide\plugins\com.st.stm32cube.ide.mcu.externaltools.gnu-tools-for-stm32.10.3-2021.10.win32_1.0.100.202210260954\tools\arm-none-eabi\bin\ld.exe: C:/Users/mahon/stmWork/pushBttonTask_FromISR/Debug/../Core/Src/main.c:520: undefined reference to `xTaskGetHandle'
collect2.exe: error: ld returned 1 exit status
make: *** [makefile:71: pushBttonTask_FromISR.elf] Error 1
"make -j8 all" terminated with exit code 2. Build might be incomplete.

00:44:52 Build Failed. 4 errors, 2 warnings. (took 1s.967ms)

