12:40:42 **** Incremental Build of configuration Debug for project vTaskD ****
make -j8 all 
arm-none-eabi-gcc "C:/Users/mahon/stmWork/common/SEGGER/os/SEGGER_SYSVIEW_FreeRTOS.c" -mcpu=cortex-m4 -std=gnu11 -g3 -c -I"C:/Users/mahon/Desktop/baremetalSTM32/stm32-discovery/realTimeProject/common/FreeRTOS/include" -I"C:/Users/mahon/Desktop/baremetalSTM32/stm32-discovery/realTimeProject/common/FreeRTOS/portable/GCC/ARM_CM4F" -I"C:/Users/mahon/Desktop/baremetalSTM32/stm32-discovery/realTimeProject/common/SEGGER/config" -I"C:/Users/mahon/Desktop/baremetalSTM32/stm32-discovery/realTimeProject/common/SEGGER/os" -I"C:/Users/mahon/Desktop/baremetalSTM32/stm32-discovery/realTimeProject/common/SEGGER/SEGGER" -O0 -ffunction-sections -fdata-sections -Wall -fstack-usage -MMD -MP -MF"common/SEGGER/os/SEGGER_SYSVIEW_FreeRTOS.d" -MT"common/SEGGER/os/SEGGER_SYSVIEW_FreeRTOS.o" --specs=nano.specs -mfpu=fpv4-sp-d16 -mfloat-abi=hard -mthumb -o "common/SEGGER/os/SEGGER_SYSVIEW_FreeRTOS.o"
arm-none-eabi-gcc "C:/Users/mahon/stmWork/common/SEGGER/config/SEGGER_SYSVIEW_Config_FreeRTOS.c" -mcpu=cortex-m4 -std=gnu11 -g3 -c -I"C:/Users/mahon/Desktop/baremetalSTM32/stm32-discovery/realTimeProject/common/FreeRTOS/include" -I"C:/Users/mahon/Desktop/baremetalSTM32/stm32-discovery/realTimeProject/common/FreeRTOS/portable/GCC/ARM_CM4F" -I"C:/Users/mahon/Desktop/baremetalSTM32/stm32-discovery/realTimeProject/common/SEGGER/config" -I"C:/Users/mahon/Desktop/baremetalSTM32/stm32-discovery/realTimeProject/common/SEGGER/os" -I"C:/Users/mahon/Desktop/baremetalSTM32/stm32-discovery/realTimeProject/common/SEGGER/SEGGER" -O0 -ffunction-sections -fdata-sections -Wall -fstack-usage -MMD -MP -MF"common/SEGGER/config/SEGGER_SYSVIEW_Config_FreeRTOS.d" -MT"common/SEGGER/config/SEGGER_SYSVIEW_Config_FreeRTOS.o" --specs=nano.specs -mfpu=fpv4-sp-d16 -mfloat-abi=hard -mthumb -o "common/SEGGER/config/SEGGER_SYSVIEW_Config_FreeRTOS.o"
arm-none-eabi-gcc "C:/Users/mahon/stmWork/common/SEGGER/SEGGER/Syscalls/SEGGER_RTT_Syscalls_GCC.c" -mcpu=cortex-m4 -std=gnu11 -g3 -c -I"C:/Users/mahon/Desktop/baremetalSTM32/stm32-discovery/realTimeProject/common/FreeRTOS/include" -I"C:/Users/mahon/Desktop/baremetalSTM32/stm32-discovery/realTimeProject/common/FreeRTOS/portable/GCC/ARM_CM4F" -I"C:/Users/mahon/Desktop/baremetalSTM32/stm32-discovery/realTimeProject/common/SEGGER/config" -I"C:/Users/mahon/Desktop/baremetalSTM32/stm32-discovery/realTimeProject/common/SEGGER/os" -I"C:/Users/mahon/Desktop/baremetalSTM32/stm32-discovery/realTimeProject/common/SEGGER/SEGGER" -O0 -ffunction-sections -fdata-sections -Wall -fstack-usage -MMD -MP -MF"common/SEGGER/SEGGER/Syscalls/SEGGER_RTT_Syscalls_GCC.d" -MT"common/SEGGER/SEGGER/Syscalls/SEGGER_RTT_Syscalls_GCC.o" --specs=nano.specs -mfpu=fpv4-sp-d16 -mfloat-abi=hard -mthumb -o "common/SEGGER/SEGGER/Syscalls/SEGGER_RTT_Syscalls_GCC.o"
arm-none-eabi-gcc "C:/Users/mahon/stmWork/common/SEGGER/SEGGER/SEGGER_RTT.c" -mcpu=cortex-m4 -std=gnu11 -g3 -c -I"C:/Users/mahon/Desktop/baremetalSTM32/stm32-discovery/realTimeProject/common/FreeRTOS/include" -I"C:/Users/mahon/Desktop/baremetalSTM32/stm32-discovery/realTimeProject/common/FreeRTOS/portable/GCC/ARM_CM4F" -I"C:/Users/mahon/Desktop/baremetalSTM32/stm32-discovery/realTimeProject/common/SEGGER/config" -I"C:/Users/mahon/Desktop/baremetalSTM32/stm32-discovery/realTimeProject/common/SEGGER/os" -I"C:/Users/mahon/Desktop/baremetalSTM32/stm32-discovery/realTimeProject/common/SEGGER/SEGGER" -O0 -ffunction-sections -fdata-sections -Wall -fstack-usage -MMD -MP -MF"common/SEGGER/SEGGER/SEGGER_RTT.d" -MT"common/SEGGER/SEGGER/SEGGER_RTT.o" --specs=nano.specs -mfpu=fpv4-sp-d16 -mfloat-abi=hard -mthumb -o "common/SEGGER/SEGGER/SEGGER_RTT.o"
arm-none-eabi-gcc -mcpu=cortex-m4 -g3 -c -I"C:/Users/mahon/Desktop/baremetalSTM32/stm32-discovery/realTimeProject/common/SEGGER/config" -I"C:/Users/mahon/Desktop/baremetalSTM32/stm32-discovery/realTimeProject/common/SEGGER/SEGGER" -x assembler-with-cpp -MMD -MP -MF"common/SEGGER/SEGGER/SEGGER_RTT_ASM_ARMv7M.d" -MT"common/SEGGER/SEGGER/SEGGER_RTT_ASM_ARMv7M.o" --specs=nano.specs -mfpu=fpv4-sp-d16 -mfloat-abi=hard -mthumb -o "common/SEGGER/SEGGER/SEGGER_RTT_ASM_ARMv7M.o" "C:/Users/mahon/stmWork/common/SEGGER/SEGGER/SEGGER_RTT_ASM_ARMv7M.S"
arm-none-eabi-gcc "C:/Users/mahon/stmWork/common/SEGGER/SEGGER/SEGGER_RTT_printf.c" -mcpu=cortex-m4 -std=gnu11 -g3 -c -I"C:/Users/mahon/Desktop/baremetalSTM32/stm32-discovery/realTimeProject/common/FreeRTOS/include" -I"C:/Users/mahon/Desktop/baremetalSTM32/stm32-discovery/realTimeProject/common/FreeRTOS/portable/GCC/ARM_CM4F" -I"C:/Users/mahon/Desktop/baremetalSTM32/stm32-discovery/realTimeProject/common/SEGGER/config" -I"C:/Users/mahon/Desktop/baremetalSTM32/stm32-discovery/realTimeProject/common/SEGGER/os" -I"C:/Users/mahon/Desktop/baremetalSTM32/stm32-discovery/realTimeProject/common/SEGGER/SEGGER" -O0 -ffunction-sections -fdata-sections -Wall -fstack-usage -MMD -MP -MF"common/SEGGER/SEGGER/SEGGER_RTT_printf.d" -MT"common/SEGGER/SEGGER/SEGGER_RTT_printf.o" --specs=nano.specs -mfpu=fpv4-sp-d16 -mfloat-abi=hard -mthumb -o "common/SEGGER/SEGGER/SEGGER_RTT_printf.o"
arm-none-eabi-gcc "C:/Users/mahon/stmWork/common/SEGGER/SEGGER/SEGGER_SYSVIEW.c" -mcpu=cortex-m4 -std=gnu11 -g3 -c -I"C:/Users/mahon/Desktop/baremetalSTM32/stm32-discovery/realTimeProject/common/FreeRTOS/include" -I"C:/Users/mahon/Desktop/baremetalSTM32/stm32-discovery/realTimeProject/common/FreeRTOS/portable/GCC/ARM_CM4F" -I"C:/Users/mahon/Desktop/baremetalSTM32/stm32-discovery/realTimeProject/common/SEGGER/config" -I"C:/Users/mahon/Desktop/baremetalSTM32/stm32-discovery/realTimeProject/common/SEGGER/os" -I"C:/Users/mahon/Desktop/baremetalSTM32/stm32-discovery/realTimeProject/common/SEGGER/SEGGER" -O0 -ffunction-sections -fdata-sections -Wall -fstack-usage -MMD -MP -MF"common/SEGGER/SEGGER/SEGGER_SYSVIEW.d" -MT"common/SEGGER/SEGGER/SEGGER_SYSVIEW.o" --specs=nano.specs -mfpu=fpv4-sp-d16 -mfloat-abi=hard -mthumb -o "common/SEGGER/SEGGER/SEGGER_SYSVIEW.o"
In file included from C:/Users/mahon/stmWork/common/SEGGER/os/SEGGER_SYSVIEW_FreeRTOS.c:54:
C:/Users/mahon/Desktop/baremetalSTM32/stm32-discovery/realTimeProject/common/FreeRTOS/include/FreeRTOS.h:57:10: fatal error: FreeRTOSConfig.h: No such file or directory
   57 | #include "FreeRTOSConfig.h"
      |          ^~~~~~~~~~~~~~~~~~
compilation terminated.
arm-none-eabi-gcc "C:/Users/mahon/stmWork/common/FreeRTOS/portable/MemMang/heap_4.c" -mcpu=cortex-m4 -std=gnu11 -g3 -c -I"C:/Users/mahon/Desktop/baremetalSTM32/stm32-discovery/realTimeProject/common/FreeRTOS/include" -I"C:/Users/mahon/Desktop/baremetalSTM32/stm32-discovery/realTimeProject/common/FreeRTOS/portable/GCC/ARM_CM4F" -I"C:/Users/mahon/Desktop/baremetalSTM32/stm32-discovery/realTimeProject/common/SEGGER/config" -I"C:/Users/mahon/Desktop/baremetalSTM32/stm32-discovery/realTimeProject/common/SEGGER/os" -I"C:/Users/mahon/Desktop/baremetalSTM32/stm32-discovery/realTimeProject/common/SEGGER/SEGGER" -O0 -ffunction-sections -fdata-sections -Wall -fstack-usage -MMD -MP -MF"common/FreeRTOS/portable/MemMang/heap_4.d" -MT"common/FreeRTOS/portable/MemMang/heap_4.o" --specs=nano.specs -mfpu=fpv4-sp-d16 -mfloat-abi=hard -mthumb -o "common/FreeRTOS/portable/MemMang/heap_4.o"
In file included from C:/Users/mahon/stmWork/common/SEGGER/config/SEGGER_SYSVIEW_Config_FreeRTOS.c:54:
C:/Users/mahon/Desktop/baremetalSTM32/stm32-discovery/realTimeProject/common/FreeRTOS/include/FreeRTOS.h:57:10: fatal error: FreeRTOSConfig.h: No such file or directory
   57 | #include "FreeRTOSConfig.h"
      |          ^~~~~~~~~~~~~~~~~~
compilation terminated.
make: *** [common/SEGGER/os/subdir.mk:19: common/SEGGER/os/SEGGER_SYSVIEW_FreeRTOS.o] Error 1
make: *** Waiting for unfinished jobs....
make: *** [common/SEGGER/config/subdir.mk:19: common/SEGGER/config/SEGGER_SYSVIEW_Config_FreeRTOS.o] Error 1
In file included from C:/Users/mahon/stmWork/common/FreeRTOS/portable/MemMang/heap_4.c:42:
C:/Users/mahon/Desktop/baremetalSTM32/stm32-discovery/realTimeProject/common/FreeRTOS/include/FreeRTOS.h:57:10: fatal error: FreeRTOSConfig.h: No such file or directory
   57 | #include "FreeRTOSConfig.h"
      |          ^~~~~~~~~~~~~~~~~~
compilation terminated.
make: *** [common/FreeRTOS/portable/MemMang/subdir.mk:19: common/FreeRTOS/portable/MemMang/heap_4.o] Error 1
"make -j8 all" terminated with exit code 2. Build might be incomplete.

12:40:43 Build Failed. 7 errors, 0 warnings. (took 1s.638ms)

